ftp> open estradad.es
Conectado a estradad.es.
220 Acceso restringido a personal autorizado, su conexion ha sido registrada. Si Vd. no ha sido autorizado expresamente para la utilizacion de este equipo desconecte ahora.
200 UTF8 set to on
ftp> user estradad.es 4_wU7on34
331 Password required for estradad.es
230 User estradad.es logged in
ftp> binary
200 Type set to I
ftp> prompt off
Modo interactivo Desactivado .
ftp> cd teorias/pdf/Einstein-VED/img
550 teorias/pdf/Einstein-VED/img: No such file or directory
ftp> put "\img\confinamiento_frame_0.svg" 
200 PORT command successful
150 Opening BINARY mode data connection for confinamiento_frame_0.svg
226 Transfer complete
ftp: 43866 bytes enviados en 0.05segundos 933.32a KB/s.
ftp> put "\img\confinamiento_frame_30.svg" 
200 PORT command successful
150 Opening BINARY mode data connection for confinamiento_frame_30.svg
226 Transfer complete
ftp: 37590 bytes enviados en 0.04segundos 854.32a KB/s.
ftp> put "\img\confinamiento_frame_60.svg" 
200 PORT command successful
150 Opening BINARY mode data connection for confinamiento_frame_60.svg
226 Transfer complete
ftp: 69539 bytes enviados en 0.07segundos 979.42a KB/s.
ftp> put "\img\confinamiento_frame_89.svg" 
200 PORT command successful
150 Opening BINARY mode data connection for confinamiento_frame_89.svg
226 Transfer complete
ftp: 69539 bytes enviados en 0.07segundos 1007.81a KB/s.
ftp> bye
221 Goodbye.
