Proceso atascado: Process-2. Se finaliza manualmente.
Error ejecutando c:\Users\vedq\Desktop\desarrollo\SRC-VED\Einstein-VED\tmp\ar_confinamiento_geometrico_tiempo.py: Command '['python', 'c:\\Users\\vedq\\Desktop\\desarrollo\\SRC-VED\\Einstein-VED\\tmp\\ar_confinamiento_geometrico_tiempo.py']' returned non-zero exit status 1.. Ejecutar manualmente.
Error ejecutando c:\Users\vedq\Desktop\desarrollo\SRC-VED\Einstein-VED\tmp\ar_confinamiento_geometrico_tiempo.py: Command '['python', 'c:\\Users\\vedq\\Desktop\\desarrollo\\SRC-VED\\Einstein-VED\\tmp\\ar_confinamiento_geometrico_tiempo.py']' returned non-zero exit status 1.. Ejecutar manualmente.
Error ejecutando c:\Users\vedq\Desktop\desarrollo\SRC-VED\Einstein-VED\tmp\de_confinamiento_geometrico_tiempo.py: Command '['python', 'c:\\Users\\vedq\\Desktop\\desarrollo\\SRC-VED\\Einstein-VED\\tmp\\de_confinamiento_geometrico_tiempo.py']' returned non-zero exit status 1.. Ejecutar manualmente.
Error ejecutando c:\Users\vedq\Desktop\desarrollo\SRC-VED\Einstein-VED\tmp\en_confinamiento_geometrico_tiempo.py: Command '['python', 'c:\\Users\\vedq\\Desktop\\desarrollo\\SRC-VED\\Einstein-VED\\tmp\\en_confinamiento_geometrico_tiempo.py']' returned non-zero exit status 1.. Ejecutar manualmente.
Error ejecutando c:\Users\vedq\Desktop\desarrollo\SRC-VED\Einstein-VED\tmp\es_confinamiento_geometrico_tiempo.py: Command '['python', 'c:\\Users\\vedq\\Desktop\\desarrollo\\SRC-VED\\Einstein-VED\\tmp\\es_confinamiento_geometrico_tiempo.py']' returned non-zero exit status 1.. Ejecutar manualmente.
Error ejecutando c:\Users\vedq\Desktop\desarrollo\SRC-VED\Einstein-VED\tmp\fa_confinamiento_geometrico_tiempo.py: Command '['python', 'c:\\Users\\vedq\\Desktop\\desarrollo\\SRC-VED\\Einstein-VED\\tmp\\fa_confinamiento_geometrico_tiempo.py']' returned non-zero exit status 1.. Ejecutar manualmente.
Error ejecutando c:\Users\vedq\Desktop\desarrollo\SRC-VED\Einstein-VED\tmp\fr_confinamiento_geometrico_tiempo.py: Command '['python', 'c:\\Users\\vedq\\Desktop\\desarrollo\\SRC-VED\\Einstein-VED\\tmp\\fr_confinamiento_geometrico_tiempo.py']' returned non-zero exit status 1.. Ejecutar manualmente.
Error ejecutando c:\Users\vedq\Desktop\desarrollo\SRC-VED\Einstein-VED\tmp\it_confinamiento_geometrico_tiempo.py: Command '['python', 'c:\\Users\\vedq\\Desktop\\desarrollo\\SRC-VED\\Einstein-VED\\tmp\\it_confinamiento_geometrico_tiempo.py']' returned non-zero exit status 1.. Ejecutar manualmente.
Error ejecutando c:\Users\vedq\Desktop\desarrollo\SRC-VED\Einstein-VED\tmp\ja_confinamiento_geometrico_tiempo.py: Command '['python', 'c:\\Users\\vedq\\Desktop\\desarrollo\\SRC-VED\\Einstein-VED\\tmp\\ja_confinamiento_geometrico_tiempo.py']' returned non-zero exit status 1.. Ejecutar manualmente.
Error ejecutando c:\Users\vedq\Desktop\desarrollo\SRC-VED\Einstein-VED\tmp\pt_confinamiento_geometrico_tiempo.py: Command '['python', 'c:\\Users\\vedq\\Desktop\\desarrollo\\SRC-VED\\Einstein-VED\\tmp\\pt_confinamiento_geometrico_tiempo.py']' returned non-zero exit status 1.. Ejecutar manualmente.
Error ejecutando c:\Users\vedq\Desktop\desarrollo\SRC-VED\Einstein-VED\tmp\sk_confinamiento_geometrico_tiempo.py: Command '['python', 'c:\\Users\\vedq\\Desktop\\desarrollo\\SRC-VED\\Einstein-VED\\tmp\\sk_confinamiento_geometrico_tiempo.py']' returned non-zero exit status 1.. Ejecutar manualmente.
Error ejecutando c:\Users\vedq\Desktop\desarrollo\SRC-VED\Einstein-VED\tmp\zh_confinamiento_geometrico_tiempo.py: Command '['python', 'c:\\Users\\vedq\\Desktop\\desarrollo\\SRC-VED\\Einstein-VED\\tmp\\zh_confinamiento_geometrico_tiempo.py']' returned non-zero exit status 1.. Ejecutar manualmente.
Error ejecutando c:\Users\vedq\Desktop\desarrollo\SRC-VED\Einstein-VED\tmp\sk_entrelazamiento_geometrico.py: Command '['python', 'c:\\Users\\vedq\\Desktop\\desarrollo\\SRC-VED\\Einstein-VED\\tmp\\sk_entrelazamiento_geometrico.py']' returned non-zero exit status 1.. Ejecutar manualmente.
Error ejecutando c:\Users\vedq\Desktop\desarrollo\SRC-VED\Einstein-VED\tmp\sk_graficas_einstein_ved_n4.py: Command '['python', 'c:\\Users\\vedq\\Desktop\\desarrollo\\SRC-VED\\Einstein-VED\\tmp\\sk_graficas_einstein_ved_n4.py']' returned non-zero exit status 1.. Ejecutar manualmente.
Error ejecutando c:\Users\vedq\Desktop\desarrollo\SRC-VED\Einstein-VED\tmp\sk_confinamiento_geometrico_tiempo.py: Command '['python', 'c:\\Users\\vedq\\Desktop\\desarrollo\\SRC-VED\\Einstein-VED\\tmp\\sk_confinamiento_geometrico_tiempo.py']' returned non-zero exit status 1.. Ejecutar manualmente.
Error ejecutando c:\Users\vedq\Desktop\desarrollo\SRC-VED\Einstein-VED\tmp\sk_proton_comparativa_destacado.py: Command '['python', 'c:\\Users\\vedq\\Desktop\\desarrollo\\SRC-VED\\Einstein-VED\\tmp\\sk_proton_comparativa_destacado.py']' returned non-zero exit status 1.. Ejecutar manualmente.
Error ejecutando c:\Users\vedq\Desktop\desarrollo\SRC-VED\Einstein-VED\tmp\sk_confinamiento_geometrico.py: Command '['python', 'c:\\Users\\vedq\\Desktop\\desarrollo\\SRC-VED\\Einstein-VED\\tmp\\sk_confinamiento_geometrico.py']' returned non-zero exit status 1.. Ejecutar manualmente.
Error ejecutando c:\Users\vedq\Desktop\desarrollo\SRC-VED\Einstein-VED\tmp\sk_generador_svg.py: Command '['python', 'c:\\Users\\vedq\\Desktop\\desarrollo\\SRC-VED\\Einstein-VED\\tmp\\sk_generador_svg.py']' returned non-zero exit status 1.. Ejecutar manualmente.
Error ejecutando C:\Users\vedq\Desktop\desarrollo\SRC-VED\Einstein-VED\tmp\sk_confinamiento_geometrico_tiempo.py: Command '['python', 'C:\\Users\\vedq\\Desktop\\desarrollo\\SRC-VED\\Einstein-VED\\tmp\\sk_confinamiento_geometrico_tiempo.py']' returned non-zero exit status 1.. Ejecutar manualmente.
Error ejecutando C:\Users\vedq\Desktop\desarrollo\SRC-VED\Einstein-VED\tmp\sk_entrelazamiento_geometrico.py: Command '['python', 'C:\\Users\\vedq\\Desktop\\desarrollo\\SRC-VED\\Einstein-VED\\tmp\\sk_entrelazamiento_geometrico.py']' returned non-zero exit status 1.. Ejecutar manualmente.
Error ejecutando C:\Users\vedq\Desktop\desarrollo\SRC-VED\Einstein-VED\tmp\sk_proton_comparativa_destacado.py: Command '['python', 'C:\\Users\\vedq\\Desktop\\desarrollo\\SRC-VED\\Einstein-VED\\tmp\\sk_proton_comparativa_destacado.py']' returned non-zero exit status 1.. Ejecutar manualmente.
Error ejecutando C:\Users\vedq\Desktop\desarrollo\SRC-VED\Einstein-VED\tmp\sk_graficas_einstein_ved_n4.py: Command '['python', 'C:\\Users\\vedq\\Desktop\\desarrollo\\SRC-VED\\Einstein-VED\\tmp\\sk_graficas_einstein_ved_n4.py']' returned non-zero exit status 1.. Ejecutar manualmente.
Error ejecutando C:\Users\vedq\Desktop\desarrollo\SRC-VED\Einstein-VED\tmp\sk_validacion_experimental.py: Command '['python', 'C:\\Users\\vedq\\Desktop\\desarrollo\\SRC-VED\\Einstein-VED\\tmp\\sk_validacion_experimental.py']' returned non-zero exit status 1.. Ejecutar manualmente.
Error ejecutando C:\Users\vedq\Desktop\desarrollo\SRC-VED\Einstein-VED\tmp\sk_generador_svg.py: Command '['python', 'C:\\Users\\vedq\\Desktop\\desarrollo\\SRC-VED\\Einstein-VED\\tmp\\sk_generador_svg.py']' returned non-zero exit status 1.. Ejecutar manualmente.
Error ejecutando C:\Users\vedq\Desktop\desarrollo\SRC-VED\Einstein-VED\tmp\sk_confinamiento_geometrico.py: Command '['python', 'C:\\Users\\vedq\\Desktop\\desarrollo\\SRC-VED\\Einstein-VED\\tmp\\sk_confinamiento_geometrico.py']' returned non-zero exit status 1.. Ejecutar manualmente.
Error ejecutando c:\Users\vedq\Desktop\desarrollo\SRC-VED\Einstein-VED\tmp\ar_validacion_experimental.py: Command '['python', 'c:\\Users\\vedq\\Desktop\\desarrollo\\SRC-VED\\Einstein-VED\\tmp\\ar_validacion_experimental.py']' returned non-zero exit status 1.. Ejecutar manualmente.
Proceso atascado: Process-1. Se finaliza manualmente.
Proceso atascado: Process-3. Se finaliza manualmente.
Proceso atascado: Process-5. Se finaliza manualmente.
Error ejecutando C:\Users\vedq\Desktop\desarrollo\SRC-VED\Einstein-VED\tmp\ar_validacion_experimental.py: Command '['python', 'C:\\Users\\vedq\\Desktop\\desarrollo\\SRC-VED\\Einstein-VED\\tmp\\ar_validacion_experimental.py']' returned non-zero exit status 1.. Ejecutar manualmente.
Proceso atascado: Process-1. Se finaliza manualmente.
Proceso atascado: Process-3. Se finaliza manualmente.
Proceso atascado: Process-7. Se finaliza manualmente.
Proceso 0 atascado en ar. Se finaliza.
Proceso 2 atascado en ar. Se finaliza.
Proceso 5 atascado en ar. Se finaliza.
Proceso atascado: Process-5. Se finaliza manualmente.
Proceso 0 atascado en ar. Se finaliza.
Proceso atascado: Process-1. Se finaliza manualmente.
Error ejecutando c:\Users\vedq\Desktop\desarrollo\SRC-VED\Einstein-VED\tmp\ar_validacion_experimental.py: Command '['python', 'c:\\Users\\vedq\\Desktop\\desarrollo\\SRC-VED\\Einstein-VED\\tmp\\ar_validacion_experimental.py']' returned non-zero exit status 1.. Ejecutar manualmente.
Error ejecutando c:\Users\vedq\Desktop\desarrollo\SRC-VED\Einstein-VED\tmp\ar_validacion_experimental.py: Command '['python', 'c:\\Users\\vedq\\Desktop\\desarrollo\\SRC-VED\\Einstein-VED\\tmp\\ar_validacion_experimental.py']' returned non-zero exit status 1.. Ejecutar manualmente.
Error ejecutando c:\Users\vedq\Desktop\desarrollo\SRC-VED\Einstein-VED\tmp\ar_validacion_experimental.py: Command '['python', 'c:\\Users\\vedq\\Desktop\\desarrollo\\SRC-VED\\Einstein-VED\\tmp\\ar_validacion_experimental.py']' returned non-zero exit status 1.. Ejecutar manualmente.
Error ejecutando c:\Users\vedq\Desktop\desarrollo\SRC-VED\Einstein-VED\tmp\ar_validacion_experimental.py: Command '['python', 'c:\\Users\\vedq\\Desktop\\desarrollo\\SRC-VED\\Einstein-VED\\tmp\\ar_validacion_experimental.py']' returned non-zero exit status 1.. Ejecutar manualmente.
Error ejecutando c:\Users\vedq\Desktop\desarrollo\SRC-VED\Einstein-VED\tmp\de_validacion_experimental.py: Command '['python', 'c:\\Users\\vedq\\Desktop\\desarrollo\\SRC-VED\\Einstein-VED\\tmp\\de_validacion_experimental.py']' returned non-zero exit status 1.. Ejecutar manualmente.
Error ejecutando c:\Users\vedq\Desktop\desarrollo\SRC-VED\Einstein-VED\tmp\de_validacion_experimental.py: Command '['python', 'c:\\Users\\vedq\\Desktop\\desarrollo\\SRC-VED\\Einstein-VED\\tmp\\de_validacion_experimental.py']' returned non-zero exit status 1.. Ejecutar manualmente.
Error ejecutando c:\Users\vedq\Desktop\desarrollo\SRC-VED\Einstein-VED\tmp\en_validacion_experimental.py: Command '['python', 'c:\\Users\\vedq\\Desktop\\desarrollo\\SRC-VED\\Einstein-VED\\tmp\\en_validacion_experimental.py']' returned non-zero exit status 1.. Ejecutar manualmente.
Error ejecutando c:\Users\vedq\Desktop\desarrollo\SRC-VED\Einstein-VED\tmp\en_validacion_experimental.py: Command '['python', 'c:\\Users\\vedq\\Desktop\\desarrollo\\SRC-VED\\Einstein-VED\\tmp\\en_validacion_experimental.py']' returned non-zero exit status 1.. Ejecutar manualmente.
Error ejecutando c:\Users\vedq\Desktop\desarrollo\SRC-VED\Einstein-VED\tmp\fa_validacion_experimental.py: Command '['python', 'c:\\Users\\vedq\\Desktop\\desarrollo\\SRC-VED\\Einstein-VED\\tmp\\fa_validacion_experimental.py']' returned non-zero exit status 1.. Ejecutar manualmente.
Error ejecutando c:\Users\vedq\Desktop\desarrollo\SRC-VED\Einstein-VED\tmp\fa_validacion_experimental.py: Command '['python', 'c:\\Users\\vedq\\Desktop\\desarrollo\\SRC-VED\\Einstein-VED\\tmp\\fa_validacion_experimental.py']' returned non-zero exit status 1.. Ejecutar manualmente.
Error ejecutando c:\Users\vedq\Desktop\desarrollo\SRC-VED\Einstein-VED\tmp\fr_validacion_experimental.py: Command '['python', 'c:\\Users\\vedq\\Desktop\\desarrollo\\SRC-VED\\Einstein-VED\\tmp\\fr_validacion_experimental.py']' returned non-zero exit status 1.. Ejecutar manualmente.
Error ejecutando c:\Users\vedq\Desktop\desarrollo\SRC-VED\Einstein-VED\tmp\fr_validacion_experimental.py: Command '['python', 'c:\\Users\\vedq\\Desktop\\desarrollo\\SRC-VED\\Einstein-VED\\tmp\\fr_validacion_experimental.py']' returned non-zero exit status 1.. Ejecutar manualmente.
Error ejecutando c:\Users\vedq\Desktop\desarrollo\SRC-VED\Einstein-VED\tmp\it_validacion_experimental.py: Command '['python', 'c:\\Users\\vedq\\Desktop\\desarrollo\\SRC-VED\\Einstein-VED\\tmp\\it_validacion_experimental.py']' returned non-zero exit status 1.. Ejecutar manualmente.
Error ejecutando c:\Users\vedq\Desktop\desarrollo\SRC-VED\Einstein-VED\tmp\it_validacion_experimental.py: Command '['python', 'c:\\Users\\vedq\\Desktop\\desarrollo\\SRC-VED\\Einstein-VED\\tmp\\it_validacion_experimental.py']' returned non-zero exit status 1.. Ejecutar manualmente.
Error ejecutando c:\Users\vedq\Desktop\desarrollo\SRC-VED\Einstein-VED\tmp\ja_validacion_experimental.py: Command '['python', 'c:\\Users\\vedq\\Desktop\\desarrollo\\SRC-VED\\Einstein-VED\\tmp\\ja_validacion_experimental.py']' returned non-zero exit status 1.. Ejecutar manualmente.
Error ejecutando c:\Users\vedq\Desktop\desarrollo\SRC-VED\Einstein-VED\tmp\ja_validacion_experimental.py: Command '['python', 'c:\\Users\\vedq\\Desktop\\desarrollo\\SRC-VED\\Einstein-VED\\tmp\\ja_validacion_experimental.py']' returned non-zero exit status 1.. Ejecutar manualmente.
Error ejecutando c:\Users\vedq\Desktop\desarrollo\SRC-VED\Einstein-VED\tmp\pt_validacion_experimental.py: Command '['python', 'c:\\Users\\vedq\\Desktop\\desarrollo\\SRC-VED\\Einstein-VED\\tmp\\pt_validacion_experimental.py']' returned non-zero exit status 1.. Ejecutar manualmente.
Error ejecutando c:\Users\vedq\Desktop\desarrollo\SRC-VED\Einstein-VED\tmp\pt_validacion_experimental.py: Command '['python', 'c:\\Users\\vedq\\Desktop\\desarrollo\\SRC-VED\\Einstein-VED\\tmp\\pt_validacion_experimental.py']' returned non-zero exit status 1.. Ejecutar manualmente.
Error ejecutando c:\Users\vedq\Desktop\desarrollo\SRC-VED\Einstein-VED\tmp\sk_validacion_experimental.py: Command '['python', 'c:\\Users\\vedq\\Desktop\\desarrollo\\SRC-VED\\Einstein-VED\\tmp\\sk_validacion_experimental.py']' returned non-zero exit status 1.. Ejecutar manualmente.
Error ejecutando c:\Users\vedq\Desktop\desarrollo\SRC-VED\Einstein-VED\tmp\sk_validacion_experimental.py: Command '['python', 'c:\\Users\\vedq\\Desktop\\desarrollo\\SRC-VED\\Einstein-VED\\tmp\\sk_validacion_experimental.py']' returned non-zero exit status 1.. Ejecutar manualmente.
Error ejecutando c:\Users\vedq\Desktop\desarrollo\SRC-VED\Einstein-VED\tmp\zh_validacion_experimental.py: Command '['python', 'c:\\Users\\vedq\\Desktop\\desarrollo\\SRC-VED\\Einstein-VED\\tmp\\zh_validacion_experimental.py']' returned non-zero exit status 1.. Ejecutar manualmente.
Error ejecutando c:\Users\vedq\Desktop\desarrollo\SRC-VED\Einstein-VED\tmp\zh_validacion_experimental.py: Command '['python', 'c:\\Users\\vedq\\Desktop\\desarrollo\\SRC-VED\\Einstein-VED\\tmp\\zh_validacion_experimental.py']' returned non-zero exit status 1.. Ejecutar manualmente.
Error ejecutando c:\Users\vedq\Desktop\desarrollo\SRC-VED\Einstein-VED\tmp\ar_graficas_einstein_ved_n4.py: Command '['c:\\Python313\\python.exe', 'c:\\Users\\vedq\\Desktop\\desarrollo\\SRC-VED\\Einstein-VED\\tmp\\ar_graficas_einstein_ved_n4.py']' returned non-zero exit status 1.
